<?xml version="1.0" encoding="UTF-8"?>
<testsuite name="com.mindex.challenge.service.impl.EmployeeServiceImplTest" tests="2" skipped="0" failures="0" errors="0" timestamp="2025-01-28T17:42:02" hostname="Wills-MacBook-Pro-96.local" time="0.172">
  <properties/>
  <testcase name="testCreateReadUpdate" classname="com.mindex.challenge.service.impl.EmployeeServiceImplTest" time="0.147"/>
  <testcase name="testReportingStructure" classname="com.mindex.challenge.service.impl.EmployeeServiceImplTest" time="0.025"/>
  <system-out><![CDATA[2025-01-28T11:42:01.570-06:00  INFO 21244 --- [    Test worker] t.c.s.AnnotationConfigContextLoaderUtils : Could not detect default configuration classes for test class [com.mindex.challenge.service.impl.EmployeeServiceImplTest]: EmployeeServiceImplTest does not declare any static, non-private, non-final, nested classes annotated with @Configuration.
2025-01-28T11:42:01.571-06:00  INFO 21244 --- [    Test worker] .b.t.c.SpringBootTestContextBootstrapper : Found @SpringBootConfiguration com.mindex.challenge.ChallengeApplication for test class com.mindex.challenge.service.impl.EmployeeServiceImplTest

  .   ____          _            __ _ _
 /\\ / ___'_ __ _ _(_)_ __  __ _ \ \ \ \
( ( )\___ | '_ | '_| | '_ \/ _` | \ \ \ \
 \\/  ___)| |_)| | | | | || (_| |  ) ) ) )
  '  |____| .__|_| |_|_| |_\__, | / / / /
 =========|_|==============|___/=/_/_/_/
 :: Spring Boot ::                (v3.2.3)

2025-01-28T11:42:01.592-06:00  INFO 21244 --- [    Test worker] c.m.c.s.impl.EmployeeServiceImplTest     : Starting EmployeeServiceImplTest using Java 17.0.14 with PID 21244 (started by squillnickles in /Users/squillnickles/Downloads/mindex-code-challenge)
2025-01-28T11:42:01.592-06:00 DEBUG 21244 --- [    Test worker] c.m.c.s.impl.EmployeeServiceImplTest     : Running with Spring Boot v3.2.3, Spring v6.1.4
2025-01-28T11:42:01.593-06:00  INFO 21244 --- [    Test worker] c.m.c.s.impl.EmployeeServiceImplTest     : No active profile set, falling back to 1 default profile: "default"
2025-01-28T11:42:01.672-06:00  INFO 21244 --- [    Test worker] .s.d.r.c.RepositoryConfigurationDelegate : Bootstrapping Spring Data MongoDB repositories in DEFAULT mode.
2025-01-28T11:42:01.676-06:00  INFO 21244 --- [    Test worker] .s.d.r.c.RepositoryConfigurationDelegate : Finished Spring Data repository scanning in 3 ms. Found 2 MongoDB repository interfaces.
2025-01-28T11:42:01.835-06:00  INFO 21244 --- [    Test worker] o.s.b.w.embedded.tomcat.TomcatWebServer  : Tomcat initialized with port 0 (http)
2025-01-28T11:42:01.845-06:00  INFO 21244 --- [    Test worker] o.apache.catalina.core.StandardService   : Starting service [Tomcat]
2025-01-28T11:42:01.846-06:00  INFO 21244 --- [    Test worker] o.apache.catalina.core.StandardEngine    : Starting Servlet engine: [Apache Tomcat/10.1.19]
2025-01-28T11:42:01.892-06:00  INFO 21244 --- [    Test worker] o.a.c.c.C.[Tomcat].[localhost].[/]       : Initializing Spring embedded WebApplicationContext
2025-01-28T11:42:01.893-06:00  INFO 21244 --- [    Test worker] w.s.c.ServletWebServerApplicationContext : Root WebApplicationContext: initialization completed in 297 ms
2025-01-28T11:42:01.936-06:00  INFO 21244 --- [    Test worker] de.bwaldvogel.mongo.MongoServer          : started MongoServer(port: 55928, ssl: false)
2025-01-28T11:42:01.941-06:00  INFO 21244 --- [    Test worker] org.mongodb.driver.client                : MongoClient with metadata {"driver": {"name": "mongo-java-driver|sync", "version": "4.11.1"}, "os": {"type": "Darwin", "name": "Mac OS X", "architecture": "x86_64", "version": "13.3.1"}, "platform": "Java/Homebrew/17.0.14+0"} created with settings MongoClientSettings{readPreference=primary, writeConcern=WriteConcern{w=null, wTimeout=null ms, journal=null}, retryWrites=true, retryReads=true, readConcern=ReadConcern{level=null}, credential=null, transportSettings=null, streamFactoryFactory=null, commandListeners=[], codecRegistry=ProvidersCodecRegistry{codecProviders=[ValueCodecProvider{}, BsonValueCodecProvider{}, DBRefCodecProvider{}, DBObjectCodecProvider{}, DocumentCodecProvider{}, CollectionCodecProvider{}, IterableCodecProvider{}, MapCodecProvider{}, GeoJsonCodecProvider{}, GridFSFileCodecProvider{}, Jsr310CodecProvider{}, JsonObjectCodecProvider{}, BsonCodecProvider{}, EnumCodecProvider{}, com.mongodb.client.model.mql.ExpressionCodecProvider@4f486211, com.mongodb.Jep395RecordCodecProvider@51e3d37e, com.mongodb.KotlinCodecProvider@3a479fda]}, loggerSettings=LoggerSettings{maxDocumentLength=1000}, clusterSettings={hosts=[localhost:55928], srvServiceName=mongodb, mode=SINGLE, requiredClusterType=UNKNOWN, requiredReplicaSetName='null', serverSelector='null', clusterListeners='[]', serverSelectionTimeout='30000 ms', localThreshold='15 ms'}, socketSettings=SocketSettings{connectTimeoutMS=10000, readTimeoutMS=0, receiveBufferSize=0, proxySettings=ProxySettings{host=null, port=null, username=null, password=null}}, heartbeatSocketSettings=SocketSettings{connectTimeoutMS=10000, readTimeoutMS=10000, receiveBufferSize=0, proxySettings=ProxySettings{host=null, port=null, username=null, password=null}}, connectionPoolSettings=ConnectionPoolSettings{maxSize=100, minSize=0, maxWaitTimeMS=120000, maxConnectionLifeTimeMS=0, maxConnectionIdleTimeMS=0, maintenanceInitialDelayMS=0, maintenanceFrequencyMS=60000, connectionPoolListeners=[], maxConnecting=2}, serverSettings=ServerSettings{heartbeatFrequencyMS=10000, minHeartbeatFrequencyMS=500, serverListeners='[]', serverMonitorListeners='[]'}, sslSettings=SslSettings{enabled=false, invalidHostNameAllowed=false, context=null}, applicationName='null', compressorList=[], uuidRepresentation=UNSPECIFIED, serverApi=null, autoEncryptionSettings=null, dnsClient=null, inetAddressResolver=null, contextProvider=null}
2025-01-28T11:42:01.944-06:00  INFO 21244 --- [-server-worker1] d.b.mongo.wire.MongoWireProtocolHandler  : client [id: 0x08352fb1, L:/127.0.0.1:55928 - R:/127.0.0.1:55930] connected
2025-01-28T11:42:01.944-06:00  INFO 21244 --- [-server-worker2] d.b.mongo.wire.MongoWireProtocolHandler  : client [id: 0x9ff4d2b6, L:/127.0.0.1:55928 - R:/127.0.0.1:55929] connected
2025-01-28T11:42:01.949-06:00  INFO 21244 --- [localhost:55928] org.mongodb.driver.cluster               : Monitor thread successfully connected to server with description ServerDescription{address=localhost:55928, type=STANDALONE, state=CONNECTED, ok=true, minWireVersion=0, maxWireVersion=6, maxDocumentSize=16777216, logicalSessionTimeoutMinutes=null, roundTripTimeNanos=8326304}
2025-01-28T11:42:01.984-06:00  INFO 21244 --- [-server-worker3] d.b.mongo.wire.MongoWireProtocolHandler  : client [id: 0x97154e42, L:/127.0.0.1:55928 - R:/127.0.0.1:55931] connected
2025-01-28T11:42:01.988-06:00  INFO 21244 --- [-server-worker3] d.b.mongo.backend.AbstractMongoBackend   : created database test
2025-01-28T11:42:01.989-06:00  INFO 21244 --- [-server-worker3] d.b.mongo.backend.AbstractMongoDatabase  : adding unique _id index for collection employee
2025-01-28T11:42:01.989-06:00  INFO 21244 --- [-server-worker3] d.b.mongo.backend.AbstractMongoDatabase  : created collection test.employee
2025-01-28T11:42:02.107-06:00  INFO 21244 --- [    Test worker] o.s.b.w.embedded.tomcat.TomcatWebServer  : Tomcat started on port 55932 (http) with context path ''
2025-01-28T11:42:02.111-06:00  INFO 21244 --- [    Test worker] c.m.c.s.impl.EmployeeServiceImplTest     : Started EmployeeServiceImplTest in 0.537 seconds (process running for 4.309)
2025-01-28T11:42:02.196-06:00  INFO 21244 --- [o-auto-1-exec-1] o.a.c.c.C.[Tomcat].[localhost].[/]       : Initializing Spring DispatcherServlet 'dispatcherServlet'
2025-01-28T11:42:02.196-06:00  INFO 21244 --- [o-auto-1-exec-1] o.s.web.servlet.DispatcherServlet        : Initializing Servlet 'dispatcherServlet'
2025-01-28T11:42:02.197-06:00  INFO 21244 --- [o-auto-1-exec-1] o.s.web.servlet.DispatcherServlet        : Completed initialization in 1 ms
2025-01-28T11:42:02.226-06:00 DEBUG 21244 --- [o-auto-1-exec-1] c.m.c.controller.EmployeeController      : Received employee create request for [com.mindex.challenge.data.Employee@7300d505]
2025-01-28T11:42:02.226-06:00 DEBUG 21244 --- [o-auto-1-exec-1] c.m.c.service.impl.EmployeeServiceImpl   : Creating employee [com.mindex.challenge.data.Employee@7300d505]
2025-01-28T11:42:02.248-06:00 DEBUG 21244 --- [o-auto-1-exec-2] c.m.c.controller.EmployeeController      : Received employee create request for id [092a2baf-14d7-4038-97ca-e1fec2f03875]
2025-01-28T11:42:02.248-06:00 DEBUG 21244 --- [o-auto-1-exec-2] c.m.c.service.impl.EmployeeServiceImpl   : Creating employee with id [092a2baf-14d7-4038-97ca-e1fec2f03875]
2025-01-28T11:42:02.255-06:00 DEBUG 21244 --- [o-auto-1-exec-3] c.m.c.controller.EmployeeController      : Received employee create request for id [092a2baf-14d7-4038-97ca-e1fec2f03875] and employee [com.mindex.challenge.data.Employee@3d2c12da]
2025-01-28T11:42:02.255-06:00 DEBUG 21244 --- [o-auto-1-exec-3] c.m.c.service.impl.EmployeeServiceImpl   : Updating employee [com.mindex.challenge.data.Employee@3d2c12da]
2025-01-28T11:42:02.264-06:00 DEBUG 21244 --- [o-auto-1-exec-4] c.m.c.controller.EmployeeController      : Received employee create request for [com.mindex.challenge.data.Employee@4f9249c9]
2025-01-28T11:42:02.264-06:00 DEBUG 21244 --- [o-auto-1-exec-4] c.m.c.service.impl.EmployeeServiceImpl   : Creating employee [com.mindex.challenge.data.Employee@4f9249c9]
2025-01-28T11:42:02.268-06:00 DEBUG 21244 --- [o-auto-1-exec-5] c.m.c.controller.EmployeeController      : Received employee create request for id [eb2f772b-a808-4644-9f74-de46663893f0]
2025-01-28T11:42:02.268-06:00 DEBUG 21244 --- [o-auto-1-exec-5] c.m.c.service.impl.EmployeeServiceImpl   : Creating employee with id [eb2f772b-a808-4644-9f74-de46663893f0]
2025-01-28T11:42:02.276-06:00 DEBUG 21244 --- [o-auto-1-exec-6] c.m.c.controller.EmployeeController      : Received request for reporting structure of employee with id [eb2f772b-a808-4644-9f74-de46663893f0]
2025-01-28T11:42:02.276-06:00 DEBUG 21244 --- [o-auto-1-exec-6] c.m.c.service.impl.EmployeeServiceImpl   : Calculating reporting structure for employee with id [eb2f772b-a808-4644-9f74-de46663893f0] using iterative approach
2025-01-28T11:42:02.276-06:00 DEBUG 21244 --- [o-auto-1-exec-6] c.m.c.service.impl.EmployeeServiceImpl   : Creating employee with id [eb2f772b-a808-4644-9f74-de46663893f0]
]]></system-out>
  <system-err><![CDATA[]]></system-err>
</testsuite>
