<?xml version="1.0" encoding="UTF-8"?>
<testsuite name="com.mindex.challenge.service.impl.EmployeeServiceImplTest" tests="3" skipped="0" failures="0" errors="0" timestamp="2025-01-28T22:22:03" hostname="Wills-MBP-96.lan" time="0.304">
  <properties/>
  <testcase name="testReportingStructure_0Reports" classname="com.mindex.challenge.service.impl.EmployeeServiceImplTest" time="0.239"/>
  <testcase name="testCreateReadUpdate" classname="com.mindex.challenge.service.impl.EmployeeServiceImplTest" time="0.024"/>
  <testcase name="testReportingStructure_OneDirectReport" classname="com.mindex.challenge.service.impl.EmployeeServiceImplTest" time="0.038"/>
  <system-out><![CDATA[2025-01-28T16:22:02.406-06:00  INFO 29458 --- [    Test worker] t.c.s.AnnotationConfigContextLoaderUtils : Could not detect default configuration classes for test class [com.mindex.challenge.service.impl.EmployeeServiceImplTest]: EmployeeServiceImplTest does not declare any static, non-private, non-final, nested classes annotated with @Configuration.
2025-01-28T16:22:02.407-06:00  INFO 29458 --- [    Test worker] .b.t.c.SpringBootTestContextBootstrapper : Found @SpringBootConfiguration com.mindex.challenge.ChallengeApplication for test class com.mindex.challenge.service.impl.EmployeeServiceImplTest

  .   ____          _            __ _ _
 /\\ / ___'_ __ _ _(_)_ __  __ _ \ \ \ \
( ( )\___ | '_ | '_| | '_ \/ _` | \ \ \ \
 \\/  ___)| |_)| | | | | || (_| |  ) ) ) )
  '  |____| .__|_| |_|_| |_\__, | / / / /
 =========|_|==============|___/=/_/_/_/
 :: Spring Boot ::                (v3.2.3)

2025-01-28T16:22:02.439-06:00  INFO 29458 --- [    Test worker] c.m.c.s.impl.EmployeeServiceImplTest     : Starting EmployeeServiceImplTest using Java 17.0.14 with PID 29458 (started by squillnickles in /Users/squillnickles/Downloads/mindex-code-challenge)
2025-01-28T16:22:02.439-06:00 DEBUG 29458 --- [    Test worker] c.m.c.s.impl.EmployeeServiceImplTest     : Running with Spring Boot v3.2.3, Spring v6.1.4
2025-01-28T16:22:02.439-06:00  INFO 29458 --- [    Test worker] c.m.c.s.impl.EmployeeServiceImplTest     : No active profile set, falling back to 1 default profile: "default"
2025-01-28T16:22:02.553-06:00  INFO 29458 --- [    Test worker] .s.d.r.c.RepositoryConfigurationDelegate : Bootstrapping Spring Data MongoDB repositories in DEFAULT mode.
2025-01-28T16:22:02.559-06:00  INFO 29458 --- [    Test worker] .s.d.r.c.RepositoryConfigurationDelegate : Finished Spring Data repository scanning in 5 ms. Found 2 MongoDB repository interfaces.
2025-01-28T16:22:02.789-06:00  INFO 29458 --- [    Test worker] o.s.b.w.embedded.tomcat.TomcatWebServer  : Tomcat initialized with port 0 (http)
2025-01-28T16:22:02.803-06:00  INFO 29458 --- [    Test worker] o.apache.catalina.core.StandardService   : Starting service [Tomcat]
2025-01-28T16:22:02.804-06:00  INFO 29458 --- [    Test worker] o.apache.catalina.core.StandardEngine    : Starting Servlet engine: [Apache Tomcat/10.1.19]
2025-01-28T16:22:02.870-06:00  INFO 29458 --- [    Test worker] o.a.c.c.C.[Tomcat].[localhost].[/]       : Initializing Spring embedded WebApplicationContext
2025-01-28T16:22:02.871-06:00  INFO 29458 --- [    Test worker] w.s.c.ServletWebServerApplicationContext : Root WebApplicationContext: initialization completed in 429 ms
2025-01-28T16:22:02.940-06:00  INFO 29458 --- [    Test worker] de.bwaldvogel.mongo.MongoServer          : started MongoServer(port: 58903, ssl: false)
2025-01-28T16:22:02.944-06:00  INFO 29458 --- [    Test worker] org.mongodb.driver.client                : MongoClient with metadata {"driver": {"name": "mongo-java-driver|sync", "version": "4.11.1"}, "os": {"type": "Darwin", "name": "Mac OS X", "architecture": "x86_64", "version": "13.3.1"}, "platform": "Java/Homebrew/17.0.14+0"} created with settings MongoClientSettings{readPreference=primary, writeConcern=WriteConcern{w=null, wTimeout=null ms, journal=null}, retryWrites=true, retryReads=true, readConcern=ReadConcern{level=null}, credential=null, transportSettings=null, streamFactoryFactory=null, commandListeners=[], codecRegistry=ProvidersCodecRegistry{codecProviders=[ValueCodecProvider{}, BsonValueCodecProvider{}, DBRefCodecProvider{}, DBObjectCodecProvider{}, DocumentCodecProvider{}, CollectionCodecProvider{}, IterableCodecProvider{}, MapCodecProvider{}, GeoJsonCodecProvider{}, GridFSFileCodecProvider{}, Jsr310CodecProvider{}, JsonObjectCodecProvider{}, BsonCodecProvider{}, EnumCodecProvider{}, com.mongodb.client.model.mql.ExpressionCodecProvider@8a6631b, com.mongodb.Jep395RecordCodecProvider@472d0f4, com.mongodb.KotlinCodecProvider@4bc59b27]}, loggerSettings=LoggerSettings{maxDocumentLength=1000}, clusterSettings={hosts=[localhost:58903], srvServiceName=mongodb, mode=SINGLE, requiredClusterType=UNKNOWN, requiredReplicaSetName='null', serverSelector='null', clusterListeners='[]', serverSelectionTimeout='30000 ms', localThreshold='15 ms'}, socketSettings=SocketSettings{connectTimeoutMS=10000, readTimeoutMS=0, receiveBufferSize=0, proxySettings=ProxySettings{host=null, port=null, username=null, password=null}}, heartbeatSocketSettings=SocketSettings{connectTimeoutMS=10000, readTimeoutMS=10000, receiveBufferSize=0, proxySettings=ProxySettings{host=null, port=null, username=null, password=null}}, connectionPoolSettings=ConnectionPoolSettings{maxSize=100, minSize=0, maxWaitTimeMS=120000, maxConnectionLifeTimeMS=0, maxConnectionIdleTimeMS=0, maintenanceInitialDelayMS=0, maintenanceFrequencyMS=60000, connectionPoolListeners=[], maxConnecting=2}, serverSettings=ServerSettings{heartbeatFrequencyMS=10000, minHeartbeatFrequencyMS=500, serverListeners='[]', serverMonitorListeners='[]'}, sslSettings=SslSettings{enabled=false, invalidHostNameAllowed=false, context=null}, applicationName='null', compressorList=[], uuidRepresentation=UNSPECIFIED, serverApi=null, autoEncryptionSettings=null, dnsClient=null, inetAddressResolver=null, contextProvider=null}
2025-01-28T16:22:02.945-06:00  INFO 29458 --- [-server-worker1] d.b.mongo.wire.MongoWireProtocolHandler  : client [id: 0x346ebf78, L:/127.0.0.1:58903 - R:/127.0.0.1:58904] connected
2025-01-28T16:22:02.945-06:00  INFO 29458 --- [-server-worker2] d.b.mongo.wire.MongoWireProtocolHandler  : client [id: 0xbda3490d, L:/127.0.0.1:58903 - R:/127.0.0.1:58905] connected
2025-01-28T16:22:02.952-06:00  INFO 29458 --- [localhost:58903] org.mongodb.driver.cluster               : Monitor thread successfully connected to server with description ServerDescription{address=localhost:58903, type=STANDALONE, state=CONNECTED, ok=true, minWireVersion=0, maxWireVersion=6, maxDocumentSize=16777216, logicalSessionTimeoutMinutes=null, roundTripTimeNanos=6928803}
2025-01-28T16:22:03.001-06:00  INFO 29458 --- [-server-worker3] d.b.mongo.wire.MongoWireProtocolHandler  : client [id: 0xddb71fef, L:/127.0.0.1:58903 - R:/127.0.0.1:58906] connected
2025-01-28T16:22:03.008-06:00  INFO 29458 --- [-server-worker3] d.b.mongo.backend.AbstractMongoBackend   : created database test
2025-01-28T16:22:03.009-06:00  INFO 29458 --- [-server-worker3] d.b.mongo.backend.AbstractMongoDatabase  : adding unique _id index for collection employee
2025-01-28T16:22:03.009-06:00  INFO 29458 --- [-server-worker3] d.b.mongo.backend.AbstractMongoDatabase  : created collection test.employee
2025-01-28T16:22:03.178-06:00  INFO 29458 --- [    Test worker] o.s.b.w.embedded.tomcat.TomcatWebServer  : Tomcat started on port 58907 (http) with context path ''
2025-01-28T16:22:03.184-06:00  INFO 29458 --- [    Test worker] c.m.c.s.impl.EmployeeServiceImplTest     : Started EmployeeServiceImplTest in 0.773 seconds (process running for 6.171)
2025-01-28T16:22:03.329-06:00  INFO 29458 --- [o-auto-1-exec-1] o.a.c.c.C.[Tomcat].[localhost].[/]       : Initializing Spring DispatcherServlet 'dispatcherServlet'
2025-01-28T16:22:03.330-06:00  INFO 29458 --- [o-auto-1-exec-1] o.s.web.servlet.DispatcherServlet        : Initializing Servlet 'dispatcherServlet'
2025-01-28T16:22:03.331-06:00  INFO 29458 --- [o-auto-1-exec-1] o.s.web.servlet.DispatcherServlet        : Completed initialization in 1 ms
2025-01-28T16:22:03.380-06:00 DEBUG 29458 --- [o-auto-1-exec-1] c.m.c.controller.EmployeeController      : Received employee create request for [com.mindex.challenge.data.Employee@70a623d8]
2025-01-28T16:22:03.380-06:00 DEBUG 29458 --- [o-auto-1-exec-1] c.m.c.service.impl.EmployeeServiceImpl   : Creating employee [com.mindex.challenge.data.Employee@70a623d8]
2025-01-28T16:22:03.406-06:00 DEBUG 29458 --- [o-auto-1-exec-2] c.m.c.controller.EmployeeController      : Received employee create request for id [393b08f6-0ed2-44b2-8869-780264b04bdc]
2025-01-28T16:22:03.406-06:00 DEBUG 29458 --- [o-auto-1-exec-2] c.m.c.service.impl.EmployeeServiceImpl   : Creating employee with id [393b08f6-0ed2-44b2-8869-780264b04bdc]
2025-01-28T16:22:03.419-06:00 DEBUG 29458 --- [o-auto-1-exec-3] c.m.c.controller.EmployeeController      : Received request for reporting structure of employee with id [393b08f6-0ed2-44b2-8869-780264b04bdc]
2025-01-28T16:22:03.419-06:00 DEBUG 29458 --- [o-auto-1-exec-3] c.m.c.service.impl.EmployeeServiceImpl   : Calculating reporting structure for employee with id [393b08f6-0ed2-44b2-8869-780264b04bdc] using iterative approach
2025-01-28T16:22:03.419-06:00 DEBUG 29458 --- [o-auto-1-exec-3] c.m.c.service.impl.EmployeeServiceImpl   : Creating employee with id [393b08f6-0ed2-44b2-8869-780264b04bdc]
2025-01-28T16:22:03.437-06:00 DEBUG 29458 --- [o-auto-1-exec-4] c.m.c.controller.EmployeeController      : Received employee create request for [com.mindex.challenge.data.Employee@201393d6]
2025-01-28T16:22:03.437-06:00 DEBUG 29458 --- [o-auto-1-exec-4] c.m.c.service.impl.EmployeeServiceImpl   : Creating employee [com.mindex.challenge.data.Employee@201393d6]
2025-01-28T16:22:03.444-06:00 DEBUG 29458 --- [o-auto-1-exec-5] c.m.c.controller.EmployeeController      : Received employee create request for id [bb21faad-27d4-456a-b40b-e4d77c2128f2]
2025-01-28T16:22:03.444-06:00 DEBUG 29458 --- [o-auto-1-exec-5] c.m.c.service.impl.EmployeeServiceImpl   : Creating employee with id [bb21faad-27d4-456a-b40b-e4d77c2128f2]
2025-01-28T16:22:03.451-06:00 DEBUG 29458 --- [o-auto-1-exec-6] c.m.c.controller.EmployeeController      : Received employee create request for id [bb21faad-27d4-456a-b40b-e4d77c2128f2] and employee [com.mindex.challenge.data.Employee@742ead42]
2025-01-28T16:22:03.452-06:00 DEBUG 29458 --- [o-auto-1-exec-6] c.m.c.service.impl.EmployeeServiceImpl   : Updating employee [com.mindex.challenge.data.Employee@742ead42]
2025-01-28T16:22:03.462-06:00 DEBUG 29458 --- [o-auto-1-exec-7] c.m.c.controller.EmployeeController      : Received employee create request for [com.mindex.challenge.data.Employee@2ee7bc40]
2025-01-28T16:22:03.462-06:00 DEBUG 29458 --- [o-auto-1-exec-7] c.m.c.service.impl.EmployeeServiceImpl   : Creating employee [com.mindex.challenge.data.Employee@2ee7bc40]
2025-01-28T16:22:03.471-06:00 DEBUG 29458 --- [o-auto-1-exec-8] c.m.c.controller.EmployeeController      : Received employee create request for [com.mindex.challenge.data.Employee@24e60385]
2025-01-28T16:22:03.471-06:00 DEBUG 29458 --- [o-auto-1-exec-8] c.m.c.service.impl.EmployeeServiceImpl   : Creating employee [com.mindex.challenge.data.Employee@24e60385]
2025-01-28T16:22:03.478-06:00 DEBUG 29458 --- [o-auto-1-exec-9] c.m.c.controller.EmployeeController      : Received employee create request for id [f53b22cb-e12e-46ec-9892-74d0945ceae6]
2025-01-28T16:22:03.478-06:00 DEBUG 29458 --- [o-auto-1-exec-9] c.m.c.service.impl.EmployeeServiceImpl   : Creating employee with id [f53b22cb-e12e-46ec-9892-74d0945ceae6]
2025-01-28T16:22:03.486-06:00 DEBUG 29458 --- [-auto-1-exec-10] c.m.c.controller.EmployeeController      : Received request for reporting structure of employee with id [f53b22cb-e12e-46ec-9892-74d0945ceae6]
2025-01-28T16:22:03.486-06:00 DEBUG 29458 --- [-auto-1-exec-10] c.m.c.service.impl.EmployeeServiceImpl   : Calculating reporting structure for employee with id [f53b22cb-e12e-46ec-9892-74d0945ceae6] using iterative approach
2025-01-28T16:22:03.486-06:00 DEBUG 29458 --- [-auto-1-exec-10] c.m.c.service.impl.EmployeeServiceImpl   : Creating employee with id [f53b22cb-e12e-46ec-9892-74d0945ceae6]
]]></system-out>
  <system-err><![CDATA[]]></system-err>
</testsuite>
