<?xml version="1.0" encoding="UTF-8"?>
<testsuite name="com.mindex.challenge.ChallengeApplicationTests" tests="1" skipped="0" failures="0" errors="0" timestamp="2025-01-28T22:22:01" hostname="Wills-MBP-96.lan" time="0.993">
  <properties/>
  <testcase name="contextLoads" classname="com.mindex.challenge.ChallengeApplicationTests" time="0.993"/>
  <system-out><![CDATA[16:21:57.854 [Test worker] INFO org.springframework.test.context.support.AnnotationConfigContextLoaderUtils -- Could not detect default configuration classes for test class [com.mindex.challenge.ChallengeApplicationTests]: ChallengeApplicationTests does not declare any static, non-private, non-final, nested classes annotated with @Configuration.
16:21:58.026 [Test worker] INFO org.springframework.boot.test.context.SpringBootTestContextBootstrapper -- Found @SpringBootConfiguration com.mindex.challenge.ChallengeApplication for test class com.mindex.challenge.ChallengeApplicationTests

  .   ____          _            __ _ _
 /\\ / ___'_ __ _ _(_)_ __  __ _ \ \ \ \
( ( )\___ | '_ | '_| | '_ \/ _` | \ \ \ \
 \\/  ___)| |_)| | | | | || (_| |  ) ) ) )
  '  |____| .__|_| |_|_| |_\__, | / / / /
 =========|_|==============|___/=/_/_/_/
 :: Spring Boot ::                (v3.2.3)

2025-01-28T16:21:58.558-06:00  INFO 29458 --- [    Test worker] c.m.challenge.ChallengeApplicationTests  : Starting ChallengeApplicationTests using Java 17.0.14 with PID 29458 (started by squillnickles in /Users/squillnickles/Downloads/mindex-code-challenge)
2025-01-28T16:21:58.560-06:00 DEBUG 29458 --- [    Test worker] c.m.challenge.ChallengeApplicationTests  : Running with Spring Boot v3.2.3, Spring v6.1.4
2025-01-28T16:21:58.561-06:00  INFO 29458 --- [    Test worker] c.m.challenge.ChallengeApplicationTests  : No active profile set, falling back to 1 default profile: "default"
2025-01-28T16:21:59.105-06:00  INFO 29458 --- [    Test worker] .s.d.r.c.RepositoryConfigurationDelegate : Bootstrapping Spring Data MongoDB repositories in DEFAULT mode.
2025-01-28T16:21:59.161-06:00  INFO 29458 --- [    Test worker] .s.d.r.c.RepositoryConfigurationDelegate : Finished Spring Data repository scanning in 50 ms. Found 2 MongoDB repository interfaces.
2025-01-28T16:21:59.908-06:00  INFO 29458 --- [    Test worker] de.bwaldvogel.mongo.MongoServer          : started MongoServer(port: 58898, ssl: false)
2025-01-28T16:22:00.070-06:00  INFO 29458 --- [    Test worker] org.mongodb.driver.client                : MongoClient with metadata {"driver": {"name": "mongo-java-driver|sync", "version": "4.11.1"}, "os": {"type": "Darwin", "name": "Mac OS X", "architecture": "x86_64", "version": "13.3.1"}, "platform": "Java/Homebrew/17.0.14+0"} created with settings MongoClientSettings{readPreference=primary, writeConcern=WriteConcern{w=null, wTimeout=null ms, journal=null}, retryWrites=true, retryReads=true, readConcern=ReadConcern{level=null}, credential=null, transportSettings=null, streamFactoryFactory=null, commandListeners=[], codecRegistry=ProvidersCodecRegistry{codecProviders=[ValueCodecProvider{}, BsonValueCodecProvider{}, DBRefCodecProvider{}, DBObjectCodecProvider{}, DocumentCodecProvider{}, CollectionCodecProvider{}, IterableCodecProvider{}, MapCodecProvider{}, GeoJsonCodecProvider{}, GridFSFileCodecProvider{}, Jsr310CodecProvider{}, JsonObjectCodecProvider{}, BsonCodecProvider{}, EnumCodecProvider{}, com.mongodb.client.model.mql.ExpressionCodecProvider@8a6631b, com.mongodb.Jep395RecordCodecProvider@472d0f4, com.mongodb.KotlinCodecProvider@4bc59b27]}, loggerSettings=LoggerSettings{maxDocumentLength=1000}, clusterSettings={hosts=[localhost:58898], srvServiceName=mongodb, mode=SINGLE, requiredClusterType=UNKNOWN, requiredReplicaSetName='null', serverSelector='null', clusterListeners='[]', serverSelectionTimeout='30000 ms', localThreshold='15 ms'}, socketSettings=SocketSettings{connectTimeoutMS=10000, readTimeoutMS=0, receiveBufferSize=0, proxySettings=ProxySettings{host=null, port=null, username=null, password=null}}, heartbeatSocketSettings=SocketSettings{connectTimeoutMS=10000, readTimeoutMS=10000, receiveBufferSize=0, proxySettings=ProxySettings{host=null, port=null, username=null, password=null}}, connectionPoolSettings=ConnectionPoolSettings{maxSize=100, minSize=0, maxWaitTimeMS=120000, maxConnectionLifeTimeMS=0, maxConnectionIdleTimeMS=0, maintenanceInitialDelayMS=0, maintenanceFrequencyMS=60000, connectionPoolListeners=[], maxConnecting=2}, serverSettings=ServerSettings{heartbeatFrequencyMS=10000, minHeartbeatFrequencyMS=500, serverListeners='[]', serverMonitorListeners='[]'}, sslSettings=SslSettings{enabled=false, invalidHostNameAllowed=false, context=null}, applicationName='null', compressorList=[], uuidRepresentation=UNSPECIFIED, serverApi=null, autoEncryptionSettings=null, dnsClient=null, inetAddressResolver=null, contextProvider=null}
2025-01-28T16:22:00.092-06:00  INFO 29458 --- [-server-worker2] d.b.mongo.wire.MongoWireProtocolHandler  : client [id: 0x82c86969, L:/127.0.0.1:58898 - R:/127.0.0.1:58900] connected
2025-01-28T16:22:00.092-06:00  INFO 29458 --- [-server-worker1] d.b.mongo.wire.MongoWireProtocolHandler  : client [id: 0xe52c0330, L:/127.0.0.1:58898 - R:/127.0.0.1:58899] connected
2025-01-28T16:22:00.163-06:00  INFO 29458 --- [localhost:58898] org.mongodb.driver.cluster               : Monitor thread successfully connected to server with description ServerDescription{address=localhost:58898, type=STANDALONE, state=CONNECTED, ok=true, minWireVersion=0, maxWireVersion=6, maxDocumentSize=16777216, logicalSessionTimeoutMinutes=null, roundTripTimeNanos=91917852}
2025-01-28T16:22:00.669-06:00  INFO 29458 --- [-server-worker3] d.b.mongo.wire.MongoWireProtocolHandler  : client [id: 0xab0e6070, L:/127.0.0.1:58898 - R:/127.0.0.1:58901] connected
2025-01-28T16:22:00.708-06:00  INFO 29458 --- [-server-worker3] d.b.mongo.backend.AbstractMongoBackend   : created database test
2025-01-28T16:22:00.714-06:00  INFO 29458 --- [-server-worker3] d.b.mongo.backend.AbstractMongoDatabase  : adding unique _id index for collection employee
2025-01-28T16:22:00.719-06:00  INFO 29458 --- [-server-worker3] d.b.mongo.backend.AbstractMongoDatabase  : created collection test.employee
2025-01-28T16:22:01.243-06:00  INFO 29458 --- [    Test worker] c.m.challenge.ChallengeApplicationTests  : Started ChallengeApplicationTests in 3.003 seconds (process running for 4.229)
]]></system-out>
  <system-err><![CDATA[]]></system-err>
</testsuite>
